Build started 2016-04-28 21:37:16.
     1>Project "C:\Users\Tess\Documents\GitHub\CaveExplorer\CaveExplorer\CaveExplorer.vcxproj" on node 2 (Build target(s)).
     1>ClCompile:
         C:\Program Files (x86)\Microsoft Visual Studio 12.0\VC\bin\x86_amd64\CL.exe /c /Zi /nologo /W3 /WX- /sdl /Od /D _MBCS /Gm /EHsc /RTC1 /MDd /GS /fp:precise /Zc:wchar_t /Zc:forScope /Fo"x64\Debug\\" /Fd"x64\Debug\vc120.pdb" /Gd /TP /errorReport:prompt Actor.cpp Game.cpp GraphicsManager.cpp InputManager.cpp Item.cpp Main.cpp Player.cpp TextureManager.cpp Usable.cpp
         Usable.cpp
         TextureManager.cpp
     1>c:\users\tess\documents\github\caveexplorer\caveexplorer\TextureManager.h(4): fatal error C1083: Cannot open include file: 'SFML/Graphics/Texture.hpp': No such file or directory
         Player.cpp
     1>c:\users\tess\documents\github\caveexplorer\caveexplorer\Actor.h(2): fatal error C1083: Cannot open include file: 'SFML/Graphics/Sprite.hpp': No such file or directory
         Main.cpp
     1>c:\users\tess\documents\github\caveexplorer\caveexplorer\Actor.h(2): fatal error C1083: Cannot open include file: 'SFML/Graphics/Sprite.hpp': No such file or directory
         Item.cpp
         InputManager.cpp
     1>c:\users\tess\documents\github\caveexplorer\caveexplorer\InputManager.h(2): fatal error C1083: Cannot open include file: 'SFML/Window/Keyboard.hpp': No such file or directory
         GraphicsManager.cpp
     1>c:\users\tess\documents\github\caveexplorer\caveexplorer\GraphicsManager.h(2): fatal error C1083: Cannot open include file: 'SFML/Graphics.hpp': No such file or directory
         Game.cpp
     1>c:\users\tess\documents\github\caveexplorer\caveexplorer\Actor.h(2): fatal error C1083: Cannot open include file: 'SFML/Graphics/Sprite.hpp': No such file or directory
         Actor.cpp
     1>c:\users\tess\documents\github\caveexplorer\caveexplorer\Actor.h(2): fatal error C1083: Cannot open include file: 'SFML/Graphics/Sprite.hpp': No such file or directory
         Generating Code...
     1>Done Building Project "C:\Users\Tess\Documents\GitHub\CaveExplorer\CaveExplorer\CaveExplorer.vcxproj" (Build target(s)) -- FAILED.

Build FAILED.

Time Elapsed 00:00:02.32
